[debug] [2025-09-04T08:56:51.581Z] ----------------------------------------------------------------------
[debug] [2025-09-04T08:56:51.584Z] Command:       C:\Program Files\nodejs\node.exe C:\Users\fatha\AppData\Roaming\npm\node_modules\firebase-tools\lib\bin\firebase.js init
[debug] [2025-09-04T08:56:51.584Z] CLI Version:   14.15.2
[debug] [2025-09-04T08:56:51.584Z] Platform:      win32
[debug] [2025-09-04T08:56:51.585Z] Node Version:  v22.17.1
[debug] [2025-09-04T08:56:51.585Z] Time:          Thu Sep 04 2025 14:26:51 GMT+0530 (India Standard Time)
[debug] [2025-09-04T08:56:51.585Z] ----------------------------------------------------------------------
[debug] 
[debug] [2025-09-04T08:56:51.593Z] > command requires scopes: ["email","openid","https://www.googleapis.com/auth/cloudplatformprojects.readonly","https://www.googleapis.com/auth/firebase","https://www.googleapis.com/auth/cloud-platform"]
[debug] [2025-09-04T08:56:51.593Z] > authorizing via signed-in user (afam.brand.313@gmail.com)
[info] 
     ######## #### ########  ######## ########     ###     ######  ########
     ##        ##  ##     ## ##       ##     ##  ##   ##  ##       ##
     ######    ##  ########  ######   ########  #########  ######  ######
     ##        ##  ##    ##  ##       ##     ## ##     ##       ## ##
     ##       #### ##     ## ######## ########  ##     ##  ######  ########

You're about to initialize a Firebase project in this directory:

  C:\Users\fatha\Documents\CODING\My Project\Hudha_center

[info] 
=== Project Setup
[info] 
[info] First, let's associate this project directory with a Firebase project.
[info] You can create multiple project aliases by running firebase use --add, 
[info] but for now we'll just set up a default project.
[info] 
[debug] [2025-09-04T08:58:02.983Z] Checked if tokens are valid: true, expires at: 1756979780944
[debug] [2025-09-04T08:58:02.984Z] Checked if tokens are valid: true, expires at: 1756979780944
[debug] [2025-09-04T08:58:02.985Z] >>> [apiv2][query] GET https://firebase.googleapis.com/v1beta1/projects pageSize=100
[debug] [2025-09-04T08:58:04.584Z] <<< [apiv2][status] GET https://firebase.googleapis.com/v1beta1/projects 200
[debug] [2025-09-04T08:58:04.585Z] <<< [apiv2][body] GET https://firebase.googleapis.com/v1beta1/projects [omitted]
[error] 
[error] Error: There are no Firebase projects associated with this account.
